{"/Users/afaliu/Documents/Dev/React/recipes/src/components/Footer.js": {"path":"/Users/afaliu/Documents/Dev/React/recipes/src/components/Footer.js","statementMap":{"0":{"start":{"line":4,"column":15},"end":{"line":14,"column":1}},"1":{"start":{"line":5,"column":2},"end":{"line":13,"column":11}}},"fnMap":{"0":{"name":"(anonymous_0)","decl":{"start":{"line":4,"column":15},"end":{"line":4,"column":16}},"loc":{"start":{"line":5,"column":2},"end":{"line":13,"column":11}},"line":5}},"branchMap":{},"s":{"0":1,"1":1},"f":{"0":1},"b":{},"_coverageSchema":"43e27e138ebf9cfc5966b082cf9a028302ed4184","hash":"42d5e449810ce1da5e4c588314fba3962698ed89"}
,"/Users/afaliu/Documents/Dev/React/recipes/src/components/Header.js": {"path":"/Users/afaliu/Documents/Dev/React/recipes/src/components/Header.js","statementMap":{"0":{"start":{"line":5,"column":15},"end":{"line":13,"column":1}},"1":{"start":{"line":6,"column":2},"end":{"line":12,"column":11}}},"fnMap":{"0":{"name":"(anonymous_0)","decl":{"start":{"line":5,"column":15},"end":{"line":5,"column":16}},"loc":{"start":{"line":6,"column":2},"end":{"line":12,"column":11}},"line":6}},"branchMap":{},"s":{"0":1,"1":1},"f":{"0":1},"b":{},"_coverageSchema":"43e27e138ebf9cfc5966b082cf9a028302ed4184","hash":"0ad04e1764e61d96cf3688e0b07dd74bdbc3fb61"}
,"/Users/afaliu/Documents/Dev/React/recipes/src/components/HyperLink.js": {"path":"/Users/afaliu/Documents/Dev/React/recipes/src/components/HyperLink.js","statementMap":{"0":{"start":{"line":5,"column":18},"end":{"line":14,"column":1}},"1":{"start":{"line":6,"column":2},"end":{"line":13,"column":12}},"2":{"start":{"line":16,"column":0},"end":{"line":18,"column":2}}},"fnMap":{"0":{"name":"(anonymous_0)","decl":{"start":{"line":5,"column":18},"end":{"line":5,"column":19}},"loc":{"start":{"line":6,"column":2},"end":{"line":13,"column":12}},"line":6}},"branchMap":{},"s":{"0":2,"1":4,"2":2},"f":{"0":4},"b":{},"_coverageSchema":"43e27e138ebf9cfc5966b082cf9a028302ed4184","hash":"7873b11c85cb1b0bdc3453364cbc9df646ae9732"}
,"/Users/afaliu/Documents/Dev/React/recipes/src/components/RecipeDetail.js": {"path":"/Users/afaliu/Documents/Dev/React/recipes/src/components/RecipeDetail.js","statementMap":{"0":{"start":{"line":8,"column":21},"end":{"line":15,"column":1}},"1":{"start":{"line":9,"column":2},"end":{"line":14,"column":6}},"2":{"start":{"line":17,"column":18},"end":{"line":24,"column":1}},"3":{"start":{"line":18,"column":2},"end":{"line":23,"column":6}},"4":{"start":{"line":26,"column":21},"end":{"line":70,"column":1}},"5":{"start":{"line":27,"column":21},"end":{"line":27,"column":45}},"6":{"start":{"line":28,"column":2},"end":{"line":69,"column":4}},"7":{"start":{"line":42,"column":16},"end":{"line":42,"column":54}},"8":{"start":{"line":50,"column":42},"end":{"line":50,"column":68}},"9":{"start":{"line":72,"column":0},"end":{"line":76,"column":2}},"10":{"start":{"line":78,"column":0},"end":{"line":82,"column":2}},"11":{"start":{"line":84,"column":0},"end":{"line":87,"column":2}},"12":{"start":{"line":89,"column":0},"end":{"line":92,"column":2}},"13":{"start":{"line":94,"column":0},"end":{"line":97,"column":2}},"14":{"start":{"line":98,"column":0},"end":{"line":101,"column":2}},"15":{"start":{"line":104,"column":18},"end":{"line":104,"column":31}},"16":{"start":{"line":105,"column":18},"end":{"line":105,"column":31}}},"fnMap":{"0":{"name":"(anonymous_0)","decl":{"start":{"line":8,"column":21},"end":{"line":8,"column":22}},"loc":{"start":{"line":9,"column":2},"end":{"line":14,"column":6}},"line":9},"1":{"name":"(anonymous_1)","decl":{"start":{"line":17,"column":18},"end":{"line":17,"column":19}},"loc":{"start":{"line":18,"column":2},"end":{"line":23,"column":6}},"line":18},"2":{"name":"(anonymous_2)","decl":{"start":{"line":26,"column":21},"end":{"line":26,"column":22}},"loc":{"start":{"line":26,"column":55},"end":{"line":70,"column":1}},"line":26},"3":{"name":"(anonymous_3)","decl":{"start":{"line":41,"column":38},"end":{"line":41,"column":39}},"loc":{"start":{"line":42,"column":16},"end":{"line":42,"column":54}},"line":42},"4":{"name":"(anonymous_4)","decl":{"start":{"line":50,"column":34},"end":{"line":50,"column":35}},"loc":{"start":{"line":50,"column":42},"end":{"line":50,"column":68}},"line":50},"5":{"name":"(anonymous_5)","decl":{"start":{"line":104,"column":9},"end":{"line":104,"column":10}},"loc":{"start":{"line":104,"column":18},"end":{"line":104,"column":31}},"line":104},"6":{"name":"(anonymous_6)","decl":{"start":{"line":105,"column":9},"end":{"line":105,"column":10}},"loc":{"start":{"line":105,"column":18},"end":{"line":105,"column":31}},"line":105}},"branchMap":{"0":{"loc":{"start":{"line":37,"column":9},"end":{"line":46,"column":9}},"type":"binary-expr","locations":[{"start":{"line":37,"column":9},"end":{"line":37,"column":27}},{"start":{"line":38,"column":10},"end":{"line":45,"column":16}}],"line":37},"1":{"loc":{"start":{"line":47,"column":9},"end":{"line":52,"column":9}},"type":"binary-expr","locations":[{"start":{"line":47,"column":9},"end":{"line":47,"column":21}},{"start":{"line":48,"column":10},"end":{"line":51,"column":16}}],"line":47},"2":{"loc":{"start":{"line":54,"column":11},"end":{"line":65,"column":16}},"type":"binary-expr","locations":[{"start":{"line":54,"column":11},"end":{"line":54,"column":17}},{"start":{"line":55,"column":12},"end":{"line":65,"column":15}}],"line":54},"3":{"loc":{"start":{"line":55,"column":12},"end":{"line":65,"column":15}},"type":"cond-expr","locations":[{"start":{"line":57,"column":16},"end":{"line":59,"column":23}},{"start":{"line":62,"column":16},"end":{"line":64,"column":23}}],"line":55}},"s":{"0":1,"1":0,"2":1,"3":1,"4":1,"5":1,"6":1,"7":2,"8":2,"9":1,"10":1,"11":1,"12":1,"13":1,"14":1,"15":2,"16":2},"f":{"0":0,"1":1,"2":1,"3":2,"4":2,"5":2,"6":2},"b":{"0":[1,1],"1":[1,1],"2":[1,1],"3":[0,1]},"_coverageSchema":"43e27e138ebf9cfc5966b082cf9a028302ed4184","hash":"29dec556b5bc399c105dcd53755fb532e4527ba7"}
,"/Users/afaliu/Documents/Dev/React/recipes/src/components/RecipeList.js": {"path":"/Users/afaliu/Documents/Dev/React/recipes/src/components/RecipeList.js","statementMap":{"0":{"start":{"line":5,"column":19},"end":{"line":24,"column":1}},"1":{"start":{"line":12,"column":2},"end":{"line":23,"column":8}},"2":{"start":{"line":15,"column":8},"end":{"line":20,"column":10}},"3":{"start":{"line":26,"column":0},"end":{"line":31,"column":2}},"4":{"start":{"line":33,"column":0},"end":{"line":36,"column":2}}},"fnMap":{"0":{"name":"(anonymous_0)","decl":{"start":{"line":5,"column":19},"end":{"line":5,"column":20}},"loc":{"start":{"line":12,"column":2},"end":{"line":23,"column":8}},"line":12},"1":{"name":"(anonymous_1)","decl":{"start":{"line":14,"column":19},"end":{"line":14,"column":20}},"loc":{"start":{"line":15,"column":8},"end":{"line":20,"column":10}},"line":15}},"branchMap":{},"s":{"0":1,"1":3,"2":4,"3":1,"4":1},"f":{"0":3,"1":4},"b":{},"_coverageSchema":"43e27e138ebf9cfc5966b082cf9a028302ed4184","hash":"474a8ca0046e44a9b059744fa9faac5d08e114da"}
,"/Users/afaliu/Documents/Dev/React/recipes/src/components/RecipeListItem.js": {"path":"/Users/afaliu/Documents/Dev/React/recipes/src/components/RecipeListItem.js","statementMap":{"0":{"start":{"line":6,"column":23},"end":{"line":42,"column":1}},"1":{"start":{"line":12,"column":2},"end":{"line":41,"column":7}},"2":{"start":{"line":15,"column":19},"end":{"line":15,"column":37}},"3":{"start":{"line":20,"column":8},"end":{"line":20,"column":28}},"4":{"start":{"line":21,"column":8},"end":{"line":21,"column":31}},"5":{"start":{"line":32,"column":29},"end":{"line":32,"column":47}},"6":{"start":{"line":44,"column":0},"end":{"line":49,"column":2}},"7":{"start":{"line":51,"column":0},"end":{"line":55,"column":2}}},"fnMap":{"0":{"name":"(anonymous_0)","decl":{"start":{"line":6,"column":23},"end":{"line":6,"column":24}},"loc":{"start":{"line":12,"column":2},"end":{"line":41,"column":7}},"line":12},"1":{"name":"(anonymous_1)","decl":{"start":{"line":15,"column":13},"end":{"line":15,"column":14}},"loc":{"start":{"line":15,"column":19},"end":{"line":15,"column":37}},"line":15},"2":{"name":"(anonymous_2)","decl":{"start":{"line":19,"column":15},"end":{"line":19,"column":16}},"loc":{"start":{"line":19,"column":20},"end":{"line":22,"column":7}},"line":19},"3":{"name":"(anonymous_3)","decl":{"start":{"line":32,"column":23},"end":{"line":32,"column":24}},"loc":{"start":{"line":32,"column":29},"end":{"line":32,"column":47}},"line":32},"4":{"name":"(anonymous_4)","decl":{"start":{"line":53,"column":11},"end":{"line":53,"column":12}},"loc":{"start":{"line":53,"column":17},"end":{"line":53,"column":19}},"line":53},"5":{"name":"(anonymous_5)","decl":{"start":{"line":54,"column":15},"end":{"line":54,"column":16}},"loc":{"start":{"line":54,"column":21},"end":{"line":54,"column":23}},"line":54}},"branchMap":{"0":{"loc":{"start":{"line":27,"column":7},"end":{"line":39,"column":12}},"type":"cond-expr","locations":[{"start":{"line":29,"column":10},"end":{"line":37,"column":17}},{"start":{"line":39,"column":10},"end":{"line":39,"column":12}}],"line":27}},"s":{"0":2,"1":8,"2":1,"3":1,"4":1,"5":0,"6":2,"7":2},"f":{"0":8,"1":1,"2":1,"3":0,"4":0,"5":0},"b":{"0":[1,7]},"_coverageSchema":"43e27e138ebf9cfc5966b082cf9a028302ed4184","hash":"174cca772948645d83434dde415f005c00a6de55"}
,"/Users/afaliu/Documents/Dev/React/recipes/src/components/containers/Checkbox.js": {"path":"/Users/afaliu/Documents/Dev/React/recipes/src/components/containers/Checkbox.js","statementMap":{"0":{"start":{"line":7,"column":17},"end":{"line":17,"column":1}},"1":{"start":{"line":8,"column":2},"end":{"line":16,"column":8}},"2":{"start":{"line":19,"column":0},"end":{"line":23,"column":2}},"3":{"start":{"line":25,"column":16},"end":{"line":33,"column":1}},"4":{"start":{"line":25,"column":25},"end":{"line":33,"column":1}},"5":{"start":{"line":26,"column":2},"end":{"line":26,"column":33}},"6":{"start":{"line":28,"column":2},"end":{"line":30,"column":10}},"7":{"start":{"line":29,"column":4},"end":{"line":29,"column":36}},"8":{"start":{"line":32,"column":2},"end":{"line":32,"column":19}}},"fnMap":{"0":{"name":"(anonymous_0)","decl":{"start":{"line":7,"column":17},"end":{"line":7,"column":18}},"loc":{"start":{"line":8,"column":2},"end":{"line":16,"column":8}},"line":8},"1":{"name":"(anonymous_1)","decl":{"start":{"line":25,"column":16},"end":{"line":25,"column":17}},"loc":{"start":{"line":25,"column":25},"end":{"line":33,"column":1}},"line":25},"2":{"name":"(anonymous_2)","decl":{"start":{"line":25,"column":25},"end":{"line":25,"column":26}},"loc":{"start":{"line":25,"column":30},"end":{"line":33,"column":1}},"line":25},"3":{"name":"(anonymous_3)","decl":{"start":{"line":28,"column":13},"end":{"line":28,"column":14}},"loc":{"start":{"line":28,"column":19},"end":{"line":30,"column":3}},"line":28}},"branchMap":{"0":{"loc":{"start":{"line":15,"column":5},"end":{"line":15,"column":24}},"type":"cond-expr","locations":[{"start":{"line":15,"column":14},"end":{"line":15,"column":17}},{"start":{"line":15,"column":20},"end":{"line":15,"column":24}}],"line":15}},"s":{"0":2,"1":9,"2":2,"3":2,"4":1,"5":1,"6":1,"7":0,"8":1},"f":{"0":9,"1":1,"2":1,"3":0},"b":{"0":[1,8]},"_coverageSchema":"43e27e138ebf9cfc5966b082cf9a028302ed4184","hash":"0103f6d1196bcdb723688bad3dee07f7e5167b5c"}
}
