TN:
SF:/Users/afaliu/Documents/Dev/React/recipes/src/components/Footer.js
FN:4,(anonymous_0)
FNF:1
FNH:1
FNDA:1,(anonymous_0)
DA:4,1
DA:5,1
LF:2
LH:2
BRF:0
BRH:0
end_of_record
TN:
SF:/Users/afaliu/Documents/Dev/React/recipes/src/components/Header.js
FN:5,(anonymous_0)
FNF:1
FNH:1
FNDA:1,(anonymous_0)
DA:5,1
DA:6,1
LF:2
LH:2
BRF:0
BRH:0
end_of_record
TN:
SF:/Users/afaliu/Documents/Dev/React/recipes/src/components/HyperLink.js
FN:5,(anonymous_0)
FNF:1
FNH:1
FNDA:4,(anonymous_0)
DA:5,2
DA:6,4
DA:16,2
LF:3
LH:3
BRF:0
BRH:0
end_of_record
TN:
SF:/Users/afaliu/Documents/Dev/React/recipes/src/components/RecipeDetail.js
FN:8,(anonymous_0)
FN:17,(anonymous_1)
FN:26,(anonymous_2)
FN:41,(anonymous_3)
FN:50,(anonymous_4)
FN:104,(anonymous_5)
FN:105,(anonymous_6)
FNF:7
FNH:6
FNDA:0,(anonymous_0)
FNDA:1,(anonymous_1)
FNDA:1,(anonymous_2)
FNDA:2,(anonymous_3)
FNDA:2,(anonymous_4)
FNDA:2,(anonymous_5)
FNDA:2,(anonymous_6)
DA:8,1
DA:9,0
DA:17,1
DA:18,1
DA:26,1
DA:27,1
DA:28,1
DA:42,2
DA:50,2
DA:72,1
DA:78,1
DA:84,1
DA:89,1
DA:94,1
DA:98,1
DA:104,2
DA:105,2
LF:17
LH:16
BRDA:37,0,0,1
BRDA:37,0,1,1
BRDA:47,1,0,1
BRDA:47,1,1,1
BRDA:54,2,0,1
BRDA:54,2,1,1
BRDA:55,3,0,0
BRDA:55,3,1,1
BRF:8
BRH:7
end_of_record
TN:
SF:/Users/afaliu/Documents/Dev/React/recipes/src/components/RecipeList.js
FN:5,(anonymous_0)
FN:14,(anonymous_1)
FNF:2
FNH:2
FNDA:3,(anonymous_0)
FNDA:4,(anonymous_1)
DA:5,1
DA:12,3
DA:15,4
DA:26,1
DA:33,1
LF:5
LH:5
BRF:0
BRH:0
end_of_record
TN:
SF:/Users/afaliu/Documents/Dev/React/recipes/src/components/RecipeListItem.js
FN:6,(anonymous_0)
FN:15,(anonymous_1)
FN:19,(anonymous_2)
FN:32,(anonymous_3)
FN:53,(anonymous_4)
FN:54,(anonymous_5)
FNF:6
FNH:3
FNDA:8,(anonymous_0)
FNDA:1,(anonymous_1)
FNDA:1,(anonymous_2)
FNDA:0,(anonymous_3)
FNDA:0,(anonymous_4)
FNDA:0,(anonymous_5)
DA:6,2
DA:12,8
DA:15,1
DA:20,1
DA:21,1
DA:32,0
DA:44,2
DA:51,2
LF:8
LH:7
BRDA:27,0,0,1
BRDA:27,0,1,7
BRF:2
BRH:2
end_of_record
TN:
SF:/Users/afaliu/Documents/Dev/React/recipes/src/components/containers/Checkbox.js
FN:7,(anonymous_0)
FN:25,(anonymous_1)
FN:25,(anonymous_2)
FN:28,(anonymous_3)
FNF:4
FNH:3
FNDA:9,(anonymous_0)
FNDA:1,(anonymous_1)
FNDA:1,(anonymous_2)
FNDA:0,(anonymous_3)
DA:7,2
DA:8,9
DA:19,2
DA:25,2
DA:26,1
DA:28,1
DA:29,0
DA:32,1
LF:8
LH:7
BRDA:15,0,0,1
BRDA:15,0,1,8
BRF:2
BRH:2
end_of_record
